<?xml version="1.0" encoding="UTF-8"?>
<coverage generated="1762798682479" clover="3.2.0">
  <project timestamp="1762798682479" name="All files">
    <metrics statements="39" coveredstatements="23" conditionals="10" coveredconditionals="4" methods="4" coveredmethods="2" elements="53" coveredelements="29" complexity="0" loc="39" ncloc="39" packages="2" files="2" classes="2"/>
    <package name="src">
      <metrics statements="16" coveredstatements="0" conditionals="6" coveredconditionals="0" methods="2" coveredmethods="0"/>
      <file name="server.ts" path="/Users/justice/Desktop/weatherdashboard/weather-dashboard/backend/src/server.ts">
        <metrics statements="16" coveredstatements="0" conditionals="6" coveredconditionals="0" methods="2" coveredmethods="0"/>
        <line num="1" count="0" type="stmt"/>
        <line num="2" count="0" type="stmt"/>
        <line num="3" count="0" type="stmt"/>
        <line num="4" count="0" type="stmt"/>
        <line num="6" count="0" type="stmt"/>
        <line num="7" count="0" type="stmt"/>
        <line num="10" count="0" type="stmt"/>
        <line num="17" count="0" type="stmt"/>
        <line num="18" count="0" type="stmt"/>
        <line num="21" count="0" type="stmt"/>
        <line num="22" count="0" type="stmt"/>
        <line num="25" count="0" type="stmt"/>
        <line num="27" count="0" type="cond" truecount="0" falsecount="2"/>
        <line num="28" count="0" type="stmt"/>
        <line num="29" count="0" type="stmt"/>
        <line num="30" count="0" type="cond" truecount="0" falsecount="2"/>
      </file>
    </package>
    <package name="src.routes">
      <metrics statements="23" coveredstatements="23" conditionals="4" coveredconditionals="4" methods="2" coveredmethods="2"/>
      <file name="weather.routes.ts" path="/Users/justice/Desktop/weatherdashboard/weather-dashboard/backend/src/routes/weather.routes.ts">
        <metrics statements="23" coveredstatements="23" conditionals="4" coveredconditionals="4" methods="2" coveredmethods="2"/>
        <line num="1" count="1" type="stmt"/>
        <line num="2" count="1" type="stmt"/>
        <line num="3" count="1" type="stmt"/>
        <line num="40" count="1" type="stmt"/>
        <line num="42" count="1" type="stmt"/>
        <line num="43" count="1" type="stmt"/>
        <line num="45" count="1" type="stmt"/>
        <line num="46" count="1" type="stmt"/>
        <line num="47" count="1" type="stmt"/>
        <line num="49" count="1" type="stmt"/>
        <line num="50" count="17" type="stmt"/>
        <line num="51" count="17" type="stmt"/>
        <line num="54" count="17" type="stmt"/>
        <line num="58" count="15" type="cond" truecount="2" falsecount="0"/>
        <line num="59" count="1" type="stmt"/>
        <line num="64" count="14" type="stmt"/>
        <line num="67" count="14" type="stmt"/>
        <line num="72" count="13" type="stmt"/>
        <line num="76" count="12" type="stmt"/>
        <line num="82" count="16" type="stmt"/>
        <line num="90" count="12" type="stmt"/>
        <line num="92" count="4" type="stmt"/>
        <line num="99" count="1" type="stmt"/>
      </file>
    </package>
  </project>
</coverage>
