<?xml version="1.0" encoding="UTF-8"?>
<coverage generated="1762454048383" clover="3.2.0">
  <project timestamp="1762454048384" name="All files">
    <metrics statements="35" coveredstatements="21" conditionals="6" coveredconditionals="1" methods="3" coveredmethods="2" elements="44" coveredelements="24" complexity="0" loc="35" ncloc="35" packages="2" files="2" classes="2"/>
    <package name="src">
      <metrics statements="12" coveredstatements="0" conditionals="2" coveredconditionals="0" methods="1" coveredmethods="0"/>
      <file name="server.ts" path="/Users/justice/Desktop/weatherdashboard/weather-dashboard/backend/src/server.ts">
        <metrics statements="12" coveredstatements="0" conditionals="2" coveredconditionals="0" methods="1" coveredmethods="0"/>
        <line num="1" count="0" type="stmt"/>
        <line num="2" count="0" type="stmt"/>
        <line num="3" count="0" type="stmt"/>
        <line num="4" count="0" type="stmt"/>
        <line num="6" count="0" type="stmt"/>
        <line num="7" count="0" type="stmt"/>
        <line num="9" count="0" type="stmt"/>
        <line num="10" count="0" type="stmt"/>
        <line num="12" count="0" type="stmt"/>
        <line num="14" count="0" type="cond" truecount="0" falsecount="2"/>
        <line num="15" count="0" type="stmt"/>
        <line num="16" count="0" type="stmt"/>
      </file>
    </package>
    <package name="src.routes">
      <metrics statements="23" coveredstatements="21" conditionals="4" coveredconditionals="1" methods="2" coveredmethods="2"/>
      <file name="weather.routes.ts" path="/Users/justice/Desktop/weatherdashboard/weather-dashboard/backend/src/routes/weather.routes.ts">
        <metrics statements="23" coveredstatements="21" conditionals="4" coveredconditionals="1" methods="2" coveredmethods="2"/>
        <line num="1" count="1" type="stmt"/>
        <line num="2" count="1" type="stmt"/>
        <line num="3" count="1" type="stmt"/>
        <line num="40" count="1" type="stmt"/>
        <line num="42" count="1" type="stmt"/>
        <line num="43" count="1" type="stmt"/>
        <line num="45" count="1" type="stmt"/>
        <line num="46" count="1" type="stmt"/>
        <line num="47" count="1" type="stmt"/>
        <line num="49" count="1" type="stmt"/>
        <line num="50" count="1" type="stmt"/>
        <line num="51" count="1" type="stmt"/>
        <line num="54" count="1" type="stmt"/>
        <line num="58" count="1" type="cond" truecount="1" falsecount="1"/>
        <line num="59" count="0" type="stmt"/>
        <line num="64" count="1" type="stmt"/>
        <line num="67" count="1" type="stmt"/>
        <line num="72" count="1" type="stmt"/>
        <line num="76" count="1" type="stmt"/>
        <line num="82" count="1" type="stmt"/>
        <line num="90" count="1" type="stmt"/>
        <line num="92" count="0" type="stmt"/>
        <line num="99" count="1" type="stmt"/>
      </file>
    </package>
  </project>
</coverage>
