{"/Users/justice/Desktop/weatherdashboard/weather-dashboard/backend/src/server.ts": {"path":"/Users/justice/Desktop/weatherdashboard/weather-dashboard/backend/src/server.ts","statementMap":{"0":{"start":{"line":1,"column":0},"end":{"line":1,"column":30}},"1":{"start":{"line":2,"column":0},"end":{"line":2,"column":28}},"2":{"start":{"line":3,"column":0},"end":{"line":3,"column":24}},"3":{"start":{"line":4,"column":0},"end":{"line":4,"column":52}},"4":{"start":{"line":6,"column":0},"end":{"line":6,"column":16}},"5":{"start":{"line":7,"column":12},"end":{"line":7,"column":21}},"6":{"start":{"line":9,"column":0},"end":{"line":9,"column":16}},"7":{"start":{"line":10,"column":0},"end":{"line":10,"column":24}},"8":{"start":{"line":12,"column":0},"end":{"line":12,"column":39}},"9":{"start":{"line":14,"column":13},"end":{"line":14,"column":37}},"10":{"start":{"line":15,"column":0},"end":{"line":17,"column":3}},"11":{"start":{"line":16,"column":4},"end":{"line":16,"column":50}}},"fnMap":{"0":{"name":"(anonymous_1)","decl":{"start":{"line":15,"column":17},"end":{"line":15,"column":20}},"loc":{"start":{"line":15,"column":22},"end":{"line":17,"column":1}}}},"branchMap":{"0":{"loc":{"start":{"line":14,"column":13},"end":{"line":14,"column":37}},"type":"binary-expr","locations":[{"start":{"line":14,"column":13},"end":{"line":14,"column":29}},{"start":{"line":14,"column":33},"end":{"line":14,"column":37}}]}},"s":{"0":0,"1":0,"2":0,"3":0,"4":0,"5":0,"6":0,"7":0,"8":0,"9":0,"10":0,"11":0},"f":{"0":0},"b":{"0":[0,0]}}
,"/Users/justice/Desktop/weatherdashboard/weather-dashboard/backend/src/routes/weather.routes.ts": {"path":"/Users/justice/Desktop/weatherdashboard/weather-dashboard/backend/src/routes/weather.routes.ts","statementMap":{"0":{"start":{"line":1,"column":0},"end":{"line":1,"column":33}},"1":{"start":{"line":2,"column":0},"end":{"line":2,"column":26}},"2":{"start":{"line":3,"column":0},"end":{"line":3,"column":28}},"3":{"start":{"line":40,"column":0},"end":{"line":40,"column":16}},"4":{"start":{"line":42,"column":15},"end":{"line":42,"column":23}},"5":{"start":{"line":43,"column":16},"end":{"line":43,"column":48}},"6":{"start":{"line":45,"column":16},"end":{"line":45,"column":63}},"7":{"start":{"line":46,"column":20},"end":{"line":46,"column":69}},"8":{"start":{"line":47,"column":21},"end":{"line":47,"column":71}},"9":{"start":{"line":49,"column":0},"end":{"line":97,"column":3}},"10":{"start":{"line":50,"column":2},"end":{"line":96,"column":3}},"11":{"start":{"line":51,"column":21},"end":{"line":51,"column":31}},"12":{"start":{"line":54,"column":24},"end":{"line":56,"column":6}},"13":{"start":{"line":58,"column":4},"end":{"line":60,"column":5}},"14":{"start":{"line":59,"column":6},"end":{"line":59,"column":63}},"15":{"start":{"line":64,"column":25},"end":{"line":64,"column":44}},"16":{"start":{"line":67,"column":27},"end":{"line":69,"column":6}},"17":{"start":{"line":72,"column":21},"end":{"line":74,"column":6}},"18":{"start":{"line":76,"column":34},"end":{"line":88,"column":6}},"19":{"start":{"line":82,"column":33},"end":{"line":86,"column":10}},"20":{"start":{"line":90,"column":4},"end":{"line":90,"column":28}},"21":{"start":{"line":92,"column":4},"end":{"line":95,"column":7}},"22":{"start":{"line":99,"column":0},"end":{"line":99,"column":22}}},"fnMap":{"0":{"name":"(anonymous_1)","decl":{"start":{"line":49,"column":21},"end":{"line":49,"column":26}},"loc":{"start":{"line":49,"column":40},"end":{"line":97,"column":1}}},"1":{"name":"(anonymous_2)","decl":{"start":{"line":82,"column":8},"end":{"line":82,"column":9}},"loc":{"start":{"line":82,"column":33},"end":{"line":86,"column":10}}}},"branchMap":{"0":{"loc":{"start":{"line":58,"column":4},"end":{"line":60,"column":5}},"type":"if","locations":[{"start":{"line":58,"column":4},"end":{"line":60,"column":5}},{"start":{},"end":{}}]},"1":{"loc":{"start":{"line":94,"column":15},"end":{"line":94,"column":52}},"type":"binary-expr","locations":[{"start":{"line":94,"column":15},"end":{"line":94,"column":35}},{"start":{"line":94,"column":39},"end":{"line":94,"column":52}}]}},"s":{"0":1,"1":1,"2":1,"3":1,"4":1,"5":1,"6":1,"7":1,"8":1,"9":1,"10":1,"11":1,"12":1,"13":1,"14":0,"15":1,"16":1,"17":1,"18":1,"19":1,"20":1,"21":0,"22":1},"f":{"0":1,"1":1},"b":{"0":[0,1],"1":[0,0]}}
}
