TN:
SF:src/server.ts
FN:21,(anonymous_1)
FN:28,(anonymous_2)
FNF:2
FNH:0
FNDA:0,(anonymous_1)
FNDA:0,(anonymous_2)
DA:1,0
DA:2,0
DA:3,0
DA:4,0
DA:6,0
DA:7,0
DA:10,0
DA:17,0
DA:18,0
DA:21,0
DA:22,0
DA:25,0
DA:27,0
DA:28,0
DA:29,0
DA:30,0
LF:16
LH:0
BRDA:11,0,0,0
BRDA:11,0,1,0
BRDA:27,1,0,0
BRDA:27,1,1,0
BRDA:30,2,0,0
BRDA:30,2,1,0
BRF:6
BRH:0
end_of_record
TN:
SF:src/routes/weather.routes.ts
FN:49,(anonymous_1)
FN:82,(anonymous_2)
FNF:2
FNH:2
FNDA:17,(anonymous_1)
FNDA:16,(anonymous_2)
DA:1,1
DA:2,1
DA:3,1
DA:40,1
DA:42,1
DA:43,1
DA:45,1
DA:46,1
DA:47,1
DA:49,1
DA:50,17
DA:51,17
DA:54,17
DA:58,15
DA:59,1
DA:64,14
DA:67,14
DA:72,13
DA:76,12
DA:82,16
DA:90,12
DA:92,4
DA:99,1
LF:23
LH:23
BRDA:58,0,0,1
BRDA:58,0,1,14
BRDA:94,1,0,4
BRDA:94,1,1,1
BRF:4
BRH:4
end_of_record
